[35m[1mScanning dependencies of target train_node[0m
[ 50%] Built target send_goal_node
[ 66%] [32mBuilding CXX object CMakeFiles/train_node.dir/src/drone_env.cpp.o[0m
[ 83%] [32mBuilding CXX object CMakeFiles/train_node.dir/src/train.cpp.o[0m
[01m[K/home/ubuntu/lyl/xtdrone_sec_dev/catkin_rl/src/move_base_publisher/src/drone_env.cpp:12:10:[m[K [01;31m[Kfatal error: [m[Kcallback.cpp: æ²¡æœ‰é‚£ä¸ªæ–‡ä»¶æˆ–ç›®å½•
   12 | #include [01;31m[K<callback.cpp>[m[K
      |          [01;31m[K^~~~~~~~~~~~~~[m[K
compilation terminated.
make[2]: *** [CMakeFiles/train_node.dir/build.make:63ï¼šCMakeFiles/train_node.dir/src/drone_env.cpp.o] é”™è¯¯ 1
make[2]: *** æ­£åœ¨ç­‰å¾…æœªå®Œæˆçš„ä»»åŠ¡....
make[1]: *** [CMakeFiles/Makefile2:178ï¼šCMakeFiles/train_node.dir/all] é”™è¯¯ 2
make: *** [Makefile:141ï¼šall] é”™è¯¯ 2
