[35m[1mScanning dependencies of target train_node[0m
[ 50%] Built target send_goal_node
[ 83%] [32mBuilding CXX object CMakeFiles/train_node.dir/src/drone_env.cpp.o[0m
[ 83%] [32mBuilding CXX object CMakeFiles/train_node.dir/src/train.cpp.o[0m
[01m[K/home/ubuntu/lyl/xtdrone_sec_dev/catkin_rl/src/move_base_publisher/src/drone_env.cpp:[m[K In function â€˜[01m[Kvoid send_goal(double, double)[m[Kâ€™:
[01m[K/home/ubuntu/lyl/xtdrone_sec_dev/catkin_rl/src/move_base_publisher/src/drone_env.cpp:83:13:[m[K [01;31m[Kerror: [m[Kâ€˜[01m[Kis_within_radius[m[Kâ€™ was not declared in this scope
   83 |         if ([01;31m[Kis_within_radius[m[K(x,y,1.0))
      |             [01;31m[K^~~~~~~~~~~~~~~~[m[K
make[2]: *** [CMakeFiles/train_node.dir/build.make:63ï¼šCMakeFiles/train_node.dir/src/drone_env.cpp.o] é”™è¯¯ 1
make[1]: *** [CMakeFiles/Makefile2:178ï¼šCMakeFiles/train_node.dir/all] é”™è¯¯ 2
make: *** [Makefile:141ï¼šall] é”™è¯¯ 2
